[  0%] Built target geometry_msgs_generate_messages_py
[  0%] Built target std_msgs_generate_messages_py
[  0%] Built target std_msgs_generate_messages_nodejs
[  0%] Built target std_msgs_generate_messages_eus
[  0%] Built target sensor_msgs_generate_messages_lisp
[  0%] Built target geometry_msgs_generate_messages_nodejs
[  0%] Built target std_msgs_generate_messages_cpp
[  0%] Built target geometry_msgs_generate_messages_eus
[  0%] Built target sensor_msgs_generate_messages_py
[  0%] Built target geometry_msgs_generate_messages_lisp
[  0%] Built target std_msgs_generate_messages_lisp
[  0%] Built target sensor_msgs_generate_messages_cpp
[  0%] Built target sensor_msgs_generate_messages_eus
[  0%] Built target sensor_msgs_generate_messages_nodejs
[  0%] Built target geometry_msgs_generate_messages_cpp
[100%] Built target image_geometry
[36mInstall the project...[0m
-- Install configuration: ""
-- Installing: /home/johann/catkin_ws_matchbox/install/_setup_util.py
-- Installing: /home/johann/catkin_ws_matchbox/install/env.sh
-- Installing: /home/johann/catkin_ws_matchbox/install/setup.bash
-- Installing: /home/johann/catkin_ws_matchbox/install/local_setup.bash
-- Installing: /home/johann/catkin_ws_matchbox/install/setup.sh
-- Installing: /home/johann/catkin_ws_matchbox/install/local_setup.sh
-- Installing: /home/johann/catkin_ws_matchbox/install/setup.zsh
-- Installing: /home/johann/catkin_ws_matchbox/install/local_setup.zsh
-- Installing: /home/johann/catkin_ws_matchbox/install/.rosinstall
-- Installing: /home/johann/catkin_ws_matchbox/install/lib/pkgconfig/image_geometry.pc
-- Installing: /home/johann/catkin_ws_matchbox/install/share/image_geometry/cmake/image_geometryConfig.cmake
-- Installing: /home/johann/catkin_ws_matchbox/install/share/image_geometry/cmake/image_geometryConfig-version.cmake
-- Installing: /home/johann/catkin_ws_matchbox/install/share/image_geometry/package.xml
+ cd /home/johann/catkin_ws_matchbox/src/vision_opencv/image_geometry
+ mkdir -p /home/johann/catkin_ws_matchbox/install/lib/python2.7/dist-packages
+ /usr/bin/env PYTHONPATH=/home/johann/catkin_ws_matchbox/install/lib/python2.7/dist-packages:/home/johann/catkin_ws_matchbox/build/image_geometry/lib/python2.7/dist-packages:/home/johann/robotikss19/autominy/catkin_ws/devel/lib/python2.7/dist-packages:/opt/ros/melodic/lib/python2.7/dist-packages:/home/johann/catkin_ws_matchbox/devel/lib/python2.7/dist-packages CATKIN_BINARY_DIR=/home/johann/catkin_ws_matchbox/build/image_geometry /usr/bin/python2 /home/johann/catkin_ws_matchbox/src/vision_opencv/image_geometry/setup.py build --build-base /home/johann/catkin_ws_matchbox/build/image_geometry install --install-layout=deb --prefix=/home/johann/catkin_ws_matchbox/install --install-scripts=/home/johann/catkin_ws_matchbox/install/bin
running build
running build_py
creating /home/johann/catkin_ws_matchbox/build/image_geometry/lib.linux-x86_64-2.7
creating /home/johann/catkin_ws_matchbox/build/image_geometry/lib.linux-x86_64-2.7/image_geometry
copying src/image_geometry/__init__.py -> /home/johann/catkin_ws_matchbox/build/image_geometry/lib.linux-x86_64-2.7/image_geometry
copying src/image_geometry/cameramodels.py -> /home/johann/catkin_ws_matchbox/build/image_geometry/lib.linux-x86_64-2.7/image_geometry
running install
running install_lib
creating /home/johann/catkin_ws_matchbox/install/lib/python2.7/dist-packages/image_geometry
copying /home/johann/catkin_ws_matchbox/build/image_geometry/lib.linux-x86_64-2.7/image_geometry/__init__.py -> /home/johann/catkin_ws_matchbox/install/lib/python2.7/dist-packages/image_geometry
copying /home/johann/catkin_ws_matchbox/build/image_geometry/lib.linux-x86_64-2.7/image_geometry/cameramodels.py -> /home/johann/catkin_ws_matchbox/install/lib/python2.7/dist-packages/image_geometry
byte-compiling /home/johann/catkin_ws_matchbox/install/lib/python2.7/dist-packages/image_geometry/__init__.py to __init__.pyc
byte-compiling /home/johann/catkin_ws_matchbox/install/lib/python2.7/dist-packages/image_geometry/cameramodels.py to cameramodels.pyc
running install_egg_info
Writing /home/johann/catkin_ws_matchbox/install/lib/python2.7/dist-packages/image_geometry-1.13.0.egg-info
-- Installing: /home/johann/catkin_ws_matchbox/install/include/image_geometry/
-- Installing: /home/johann/catkin_ws_matchbox/install/include/image_geometry//stereo_camera_model.h
-- Installing: /home/johann/catkin_ws_matchbox/install/include/image_geometry//pinhole_camera_model.h
-- Installing: /home/johann/catkin_ws_matchbox/install/lib/libimage_geometry.so
