[  0%] Built target geometry_msgs_generate_messages_py
[  0%] Built target std_msgs_generate_messages_py
[  0%] Built target std_msgs_generate_messages_nodejs
[  0%] Built target std_msgs_generate_messages_eus
[  0%] Built target sensor_msgs_generate_messages_lisp
[  0%] Built target geometry_msgs_generate_messages_nodejs
[  0%] Built target std_msgs_generate_messages_cpp
[  0%] Built target geometry_msgs_generate_messages_eus
[  0%] Built target sensor_msgs_generate_messages_py
[  0%] Built target geometry_msgs_generate_messages_lisp
[  0%] Built target std_msgs_generate_messages_lisp
[  0%] Built target sensor_msgs_generate_messages_cpp
[  0%] Built target sensor_msgs_generate_messages_eus
[  0%] Built target sensor_msgs_generate_messages_nodejs
[  0%] Built target geometry_msgs_generate_messages_cpp
[100%] Built target image_geometry
[36mInstall the project...[0m
-- Install configuration: ""
-- Up-to-date: /home/johann/catkin_ws_matchbox/install/_setup_util.py
-- Up-to-date: /home/johann/catkin_ws_matchbox/install/env.sh
-- Up-to-date: /home/johann/catkin_ws_matchbox/install/setup.bash
-- Up-to-date: /home/johann/catkin_ws_matchbox/install/local_setup.bash
-- Up-to-date: /home/johann/catkin_ws_matchbox/install/setup.sh
-- Up-to-date: /home/johann/catkin_ws_matchbox/install/local_setup.sh
-- Up-to-date: /home/johann/catkin_ws_matchbox/install/setup.zsh
-- Up-to-date: /home/johann/catkin_ws_matchbox/install/local_setup.zsh
-- Up-to-date: /home/johann/catkin_ws_matchbox/install/.rosinstall
-- Up-to-date: /home/johann/catkin_ws_matchbox/install/lib/pkgconfig/image_geometry.pc
-- Up-to-date: /home/johann/catkin_ws_matchbox/install/share/image_geometry/cmake/image_geometryConfig.cmake
-- Up-to-date: /home/johann/catkin_ws_matchbox/install/share/image_geometry/cmake/image_geometryConfig-version.cmake
-- Up-to-date: /home/johann/catkin_ws_matchbox/install/share/image_geometry/package.xml
+ cd /home/johann/catkin_ws_matchbox/src/vision_opencv/image_geometry
+ mkdir -p /home/johann/catkin_ws_matchbox/install/lib/python2.7/dist-packages
+ /usr/bin/env PYTHONPATH=/home/johann/catkin_ws_matchbox/install/lib/python2.7/dist-packages:/home/johann/catkin_ws_matchbox/build/image_geometry/lib/python2.7/dist-packages:/home/johann/catkin_ws_matchbox/install/lib/python2.7/dist-packages:/home/johann/robotikss19/autominy/catkin_ws/devel/lib/python2.7/dist-packages:/opt/ros/melodic/lib/python2.7/dist-packages:/home/johann/catkin_ws_matchbox/devel/lib/python2.7/dist-packages CATKIN_BINARY_DIR=/home/johann/catkin_ws_matchbox/build/image_geometry /usr/bin/python2 /home/johann/catkin_ws_matchbox/src/vision_opencv/image_geometry/setup.py build --build-base /home/johann/catkin_ws_matchbox/build/image_geometry install --install-layout=deb --prefix=/home/johann/catkin_ws_matchbox/install --install-scripts=/home/johann/catkin_ws_matchbox/install/bin
running build
running build_py
running install
running install_lib
running install_egg_info
Removing /home/johann/catkin_ws_matchbox/install/lib/python2.7/dist-packages/image_geometry-1.13.0.egg-info
Writing /home/johann/catkin_ws_matchbox/install/lib/python2.7/dist-packages/image_geometry-1.13.0.egg-info
-- Up-to-date: /home/johann/catkin_ws_matchbox/install/include/image_geometry/
-- Up-to-date: /home/johann/catkin_ws_matchbox/install/include/image_geometry//stereo_camera_model.h
-- Up-to-date: /home/johann/catkin_ws_matchbox/install/include/image_geometry//pinhole_camera_model.h
-- Up-to-date: /home/johann/catkin_ws_matchbox/install/lib/libimage_geometry.so
