Symlinking /home/johann/catkin_ws_matchbox/devel/lib/python2.7/dist-packages/simple_parking_maneuver/__init__.py
Symlinking /home/johann/catkin_ws_matchbox/devel/lib/python2.7/dist-packages/simple_parking_maneuver/srv/_ParkingManeuver.py
Symlinking /home/johann/catkin_ws_matchbox/devel/lib/python2.7/dist-packages/simple_parking_maneuver/srv/__init__.py
Symlinking /home/johann/catkin_ws_matchbox/devel/lib/pkgconfig/simple_parking_maneuver.pc
Symlinking /home/johann/catkin_ws_matchbox/devel/include/simple_parking_maneuver/ParkingManeuverRequest.h
Symlinking /home/johann/catkin_ws_matchbox/devel/include/simple_parking_maneuver/ParkingManeuver.h
Symlinking /home/johann/catkin_ws_matchbox/devel/include/simple_parking_maneuver/ParkingManeuverResponse.h
Symlinking /home/johann/catkin_ws_matchbox/devel/share/roseus/ros/simple_parking_maneuver/manifest.l
Symlinking /home/johann/catkin_ws_matchbox/devel/share/roseus/ros/simple_parking_maneuver/srv/ParkingManeuver.l
Symlinking /home/johann/catkin_ws_matchbox/devel/share/common-lisp/ros/simple_parking_maneuver/srv/_package.lisp
Symlinking /home/johann/catkin_ws_matchbox/devel/share/common-lisp/ros/simple_parking_maneuver/srv/_package_ParkingManeuver.lisp
Symlinking /home/johann/catkin_ws_matchbox/devel/share/common-lisp/ros/simple_parking_maneuver/srv/simple_parking_maneuver-srv.asd
Symlinking /home/johann/catkin_ws_matchbox/devel/share/common-lisp/ros/simple_parking_maneuver/srv/ParkingManeuver.lisp
Symlinking /home/johann/catkin_ws_matchbox/devel/share/gennodejs/ros/simple_parking_maneuver/_index.js
Symlinking /home/johann/catkin_ws_matchbox/devel/share/gennodejs/ros/simple_parking_maneuver/srv/ParkingManeuver.js
Symlinking /home/johann/catkin_ws_matchbox/devel/share/gennodejs/ros/simple_parking_maneuver/srv/_index.js
Symlinking /home/johann/catkin_ws_matchbox/devel/share/simple_parking_maneuver/cmake/simple_parking_maneuver-msg-extras.cmake
Symlinking /home/johann/catkin_ws_matchbox/devel/share/simple_parking_maneuver/cmake/simple_parking_maneuverConfig.cmake
Symlinking /home/johann/catkin_ws_matchbox/devel/share/simple_parking_maneuver/cmake/simple_parking_maneuver-msg-paths.cmake
Symlinking /home/johann/catkin_ws_matchbox/devel/share/simple_parking_maneuver/cmake/simple_parking_maneuverConfig-version.cmake
