[  0%] Built target _simple_parking_maneuver_generate_messages_check_deps_ParkingManeuver
[  0%] Built target std_msgs_generate_messages_eus
[ 28%] Built target simple_parking_maneuver_generate_messages_eus
[ 28%] Built target std_msgs_generate_messages_py
[ 57%] Built target simple_parking_maneuver_generate_messages_py
[ 57%] Built target std_msgs_generate_messages_lisp
[ 71%] Built target simple_parking_maneuver_generate_messages_lisp
[ 71%] Built target std_msgs_generate_messages_cpp
[ 85%] Built target simple_parking_maneuver_generate_messages_cpp
[ 85%] Built target std_msgs_generate_messages_nodejs
[100%] Built target simple_parking_maneuver_generate_messages_nodejs
[100%] Built target simple_parking_maneuver_generate_messages
[36mInstall the project...[0m
-- Install configuration: ""
-- Installing: /home/johann/catkin_ws_matchbox/install/_setup_util.py
-- Installing: /home/johann/catkin_ws_matchbox/install/env.sh
-- Installing: /home/johann/catkin_ws_matchbox/install/setup.bash
-- Installing: /home/johann/catkin_ws_matchbox/install/local_setup.bash
-- Installing: /home/johann/catkin_ws_matchbox/install/setup.sh
-- Installing: /home/johann/catkin_ws_matchbox/install/local_setup.sh
-- Installing: /home/johann/catkin_ws_matchbox/install/setup.zsh
-- Installing: /home/johann/catkin_ws_matchbox/install/local_setup.zsh
-- Installing: /home/johann/catkin_ws_matchbox/install/.rosinstall
-- Up-to-date: /home/johann/catkin_ws_matchbox/install/share/simple_parking_maneuver/srv/ParkingManeuver.srv
-- Up-to-date: /home/johann/catkin_ws_matchbox/install/share/simple_parking_maneuver/cmake/simple_parking_maneuver-msg-paths.cmake
-- Up-to-date: /home/johann/catkin_ws_matchbox/install/include/simple_parking_maneuver
-- Up-to-date: /home/johann/catkin_ws_matchbox/install/include/simple_parking_maneuver/ParkingManeuverRequest.h
-- Up-to-date: /home/johann/catkin_ws_matchbox/install/include/simple_parking_maneuver/ParkingManeuver.h
-- Up-to-date: /home/johann/catkin_ws_matchbox/install/include/simple_parking_maneuver/ParkingManeuverResponse.h
-- Up-to-date: /home/johann/catkin_ws_matchbox/install/share/roseus/ros/simple_parking_maneuver
-- Up-to-date: /home/johann/catkin_ws_matchbox/install/share/roseus/ros/simple_parking_maneuver/srv
-- Up-to-date: /home/johann/catkin_ws_matchbox/install/share/roseus/ros/simple_parking_maneuver/srv/ParkingManeuver.l
-- Up-to-date: /home/johann/catkin_ws_matchbox/install/share/roseus/ros/simple_parking_maneuver/manifest.l
-- Up-to-date: /home/johann/catkin_ws_matchbox/install/share/common-lisp/ros/simple_parking_maneuver
-- Up-to-date: /home/johann/catkin_ws_matchbox/install/share/common-lisp/ros/simple_parking_maneuver/srv
-- Up-to-date: /home/johann/catkin_ws_matchbox/install/share/common-lisp/ros/simple_parking_maneuver/srv/_package.lisp
-- Up-to-date: /home/johann/catkin_ws_matchbox/install/share/common-lisp/ros/simple_parking_maneuver/srv/_package_ParkingManeuver.lisp
-- Up-to-date: /home/johann/catkin_ws_matchbox/install/share/common-lisp/ros/simple_parking_maneuver/srv/simple_parking_maneuver-srv.asd
-- Up-to-date: /home/johann/catkin_ws_matchbox/install/share/common-lisp/ros/simple_parking_maneuver/srv/ParkingManeuver.lisp
-- Up-to-date: /home/johann/catkin_ws_matchbox/install/share/gennodejs/ros/simple_parking_maneuver
-- Up-to-date: /home/johann/catkin_ws_matchbox/install/share/gennodejs/ros/simple_parking_maneuver/srv
-- Up-to-date: /home/johann/catkin_ws_matchbox/install/share/gennodejs/ros/simple_parking_maneuver/srv/ParkingManeuver.js
-- Up-to-date: /home/johann/catkin_ws_matchbox/install/share/gennodejs/ros/simple_parking_maneuver/srv/_index.js
-- Up-to-date: /home/johann/catkin_ws_matchbox/install/share/gennodejs/ros/simple_parking_maneuver/_index.js
Listing /home/johann/catkin_ws_matchbox/devel/.private/simple_parking_maneuver/lib/python2.7/dist-packages/simple_parking_maneuver ...
Listing /home/johann/catkin_ws_matchbox/devel/.private/simple_parking_maneuver/lib/python2.7/dist-packages/simple_parking_maneuver/srv ...
-- Up-to-date: /home/johann/catkin_ws_matchbox/install/lib/python2.7/dist-packages/simple_parking_maneuver
-- Up-to-date: /home/johann/catkin_ws_matchbox/install/lib/python2.7/dist-packages/simple_parking_maneuver/srv
-- Up-to-date: /home/johann/catkin_ws_matchbox/install/lib/python2.7/dist-packages/simple_parking_maneuver/srv/_ParkingManeuver.py
-- Up-to-date: /home/johann/catkin_ws_matchbox/install/lib/python2.7/dist-packages/simple_parking_maneuver/srv/__init__.py
-- Up-to-date: /home/johann/catkin_ws_matchbox/install/lib/python2.7/dist-packages/simple_parking_maneuver/srv/_ParkingManeuver.pyc
-- Up-to-date: /home/johann/catkin_ws_matchbox/install/lib/python2.7/dist-packages/simple_parking_maneuver/srv/__init__.pyc
-- Up-to-date: /home/johann/catkin_ws_matchbox/install/lib/python2.7/dist-packages/simple_parking_maneuver/__init__.py
-- Up-to-date: /home/johann/catkin_ws_matchbox/install/lib/python2.7/dist-packages/simple_parking_maneuver/__init__.pyc
-- Up-to-date: /home/johann/catkin_ws_matchbox/install/lib/pkgconfig/simple_parking_maneuver.pc
-- Up-to-date: /home/johann/catkin_ws_matchbox/install/share/simple_parking_maneuver/cmake/simple_parking_maneuver-msg-extras.cmake
-- Up-to-date: /home/johann/catkin_ws_matchbox/install/share/simple_parking_maneuver/cmake/simple_parking_maneuverConfig.cmake
-- Up-to-date: /home/johann/catkin_ws_matchbox/install/share/simple_parking_maneuver/cmake/simple_parking_maneuverConfig-version.cmake
-- Up-to-date: /home/johann/catkin_ws_matchbox/install/share/simple_parking_maneuver/package.xml
