[  0%] Built target geometry_msgs_generate_messages_py
[  0%] Built target std_msgs_generate_messages_py
[  0%] Built target std_msgs_generate_messages_nodejs
[  0%] Built target std_msgs_generate_messages_eus
[  0%] Built target sensor_msgs_generate_messages_lisp
[  0%] Built target geometry_msgs_generate_messages_nodejs
[  0%] Built target std_msgs_generate_messages_cpp
[  0%] Built target geometry_msgs_generate_messages_eus
[  0%] Built target sensor_msgs_generate_messages_py
[  0%] Built target geometry_msgs_generate_messages_lisp
[  0%] Built target std_msgs_generate_messages_lisp
[  0%] Built target sensor_msgs_generate_messages_cpp
[  0%] Built target sensor_msgs_generate_messages_eus
[  0%] Built target sensor_msgs_generate_messages_nodejs
[  0%] Built target geometry_msgs_generate_messages_cpp
[ 50%] Built target cv_bridge
[100%] Built target cv_bridge_boost
[36mInstall the project...[0m
-- Install configuration: ""
-- Installing: /home/johann/catkin_ws_matchbox/install/_setup_util.py
-- Installing: /home/johann/catkin_ws_matchbox/install/env.sh
-- Installing: /home/johann/catkin_ws_matchbox/install/setup.bash
-- Installing: /home/johann/catkin_ws_matchbox/install/local_setup.bash
-- Installing: /home/johann/catkin_ws_matchbox/install/setup.sh
-- Installing: /home/johann/catkin_ws_matchbox/install/local_setup.sh
-- Installing: /home/johann/catkin_ws_matchbox/install/setup.zsh
-- Installing: /home/johann/catkin_ws_matchbox/install/local_setup.zsh
-- Installing: /home/johann/catkin_ws_matchbox/install/.rosinstall
-- Installing: /home/johann/catkin_ws_matchbox/install/lib/pkgconfig/cv_bridge.pc
-- Installing: /home/johann/catkin_ws_matchbox/install/share/cv_bridge/cmake/cv_bridge-extras.cmake
-- Installing: /home/johann/catkin_ws_matchbox/install/share/cv_bridge/cmake/cv_bridgeConfig.cmake
-- Installing: /home/johann/catkin_ws_matchbox/install/share/cv_bridge/cmake/cv_bridgeConfig-version.cmake
-- Installing: /home/johann/catkin_ws_matchbox/install/share/cv_bridge/package.xml
+ cd /home/johann/catkin_ws_matchbox/src/vision_opencv/cv_bridge
+ mkdir -p /home/johann/catkin_ws_matchbox/install/lib/python2.7/dist-packages
+ /usr/bin/env PYTHONPATH=/home/johann/catkin_ws_matchbox/install/lib/python2.7/dist-packages:/home/johann/catkin_ws_matchbox/build/cv_bridge/lib/python2.7/dist-packages:/home/johann/robotikss19/autominy/catkin_ws/devel/lib/python2.7/dist-packages:/opt/ros/melodic/lib/python2.7/dist-packages:/home/johann/catkin_ws_matchbox/devel/lib/python2.7/dist-packages CATKIN_BINARY_DIR=/home/johann/catkin_ws_matchbox/build/cv_bridge /usr/bin/python2 /home/johann/catkin_ws_matchbox/src/vision_opencv/cv_bridge/setup.py build --build-base /home/johann/catkin_ws_matchbox/build/cv_bridge install --install-layout=deb --prefix=/home/johann/catkin_ws_matchbox/install --install-scripts=/home/johann/catkin_ws_matchbox/install/bin
running build
running build_py
creating /home/johann/catkin_ws_matchbox/build/cv_bridge/lib.linux-x86_64-2.7
creating /home/johann/catkin_ws_matchbox/build/cv_bridge/lib.linux-x86_64-2.7/cv_bridge
copying python/cv_bridge/__init__.py -> /home/johann/catkin_ws_matchbox/build/cv_bridge/lib.linux-x86_64-2.7/cv_bridge
copying python/cv_bridge/core.py -> /home/johann/catkin_ws_matchbox/build/cv_bridge/lib.linux-x86_64-2.7/cv_bridge
running install
running install_lib
creating /home/johann/catkin_ws_matchbox/install/lib/python2.7/dist-packages/cv_bridge
copying /home/johann/catkin_ws_matchbox/build/cv_bridge/lib.linux-x86_64-2.7/cv_bridge/__init__.py -> /home/johann/catkin_ws_matchbox/install/lib/python2.7/dist-packages/cv_bridge
copying /home/johann/catkin_ws_matchbox/build/cv_bridge/lib.linux-x86_64-2.7/cv_bridge/core.py -> /home/johann/catkin_ws_matchbox/install/lib/python2.7/dist-packages/cv_bridge
byte-compiling /home/johann/catkin_ws_matchbox/install/lib/python2.7/dist-packages/cv_bridge/__init__.py to __init__.pyc
byte-compiling /home/johann/catkin_ws_matchbox/install/lib/python2.7/dist-packages/cv_bridge/core.py to core.pyc
running install_egg_info
Writing /home/johann/catkin_ws_matchbox/install/lib/python2.7/dist-packages/cv_bridge-1.13.0.egg-info
-- Installing: /home/johann/catkin_ws_matchbox/install/include/cv_bridge
-- Installing: /home/johann/catkin_ws_matchbox/install/include/cv_bridge/rgb_colors.h
-- Installing: /home/johann/catkin_ws_matchbox/install/include/cv_bridge/cv_bridge.h
-- Installing: /home/johann/catkin_ws_matchbox/install/lib/python2.7/dist-packages/cv_bridge/boost/__init__.py
-- Installing: /home/johann/catkin_ws_matchbox/install/lib/libcv_bridge.so
-- Set runtime path of "/home/johann/catkin_ws_matchbox/install/lib/libcv_bridge.so" to ""
-- Installing: /home/johann/catkin_ws_matchbox/install/lib/python2.7/dist-packages/cv_bridge/boost/cv_bridge_boost.so
-- Set runtime path of "/home/johann/catkin_ws_matchbox/install/lib/python2.7/dist-packages/cv_bridge/boost/cv_bridge_boost.so" to ""
